<?xml version="1.0" encoding="UTF-8"?>
<!-- Generated by org.testng.reporters.JUnitReportReporter -->
<testsuite hostname="RAYAN" failures="0" tests="1" name="com.dell.MyFirstProject.testingSite" time="21.094" errors="0" timestamp="2023-08-25T00:53:21 EDT" skipped="0">
  <testcase classname="com.dell.MyFirstProject.testingSite" name="openBrowser" time="21.094"/>
</testsuite> <!-- com.dell.MyFirstProject.testingSite -->
